<?xml version="1.0" encoding="UTF-8"?>
<Site BuildName="Win32-ninja"
	BuildStamp="20241115-0544-Experimental"
	Name="LAPTOP-KVM2636P"
	Generator="ctest-3.30.3"
	CompilerName="D:/LLVM/bin/clang++.exe"
	CompilerVersion="17.0.6"
	OSName="Windows"
	Hostname="LAPTOP-KVM2636P"
	OSRelease=" Personal"
	OSVersion=" (Build 19045)"
	OSPlatform="AMD64"
	Is64Bits="1"
	VendorString="GenuineIntel"
	VendorID="Intel Corporation"
	FamilyID="6"
	ModelID="13"
	ProcessorCacheSize="-1"
	NumberOfLogicalCPU="16"
	NumberOfPhysicalCPU="8"
	TotalVirtualMemory="49955"
	TotalPhysicalMemory="32547"
	LogicalProcessorsPerPhysical="2"
	ProcessorClockFrequency="2304"
	>
	<Testing>
		<StartDateTime>Nov 15 13:44 台北標準時間</StartDateTime>
		<StartTestTime>1731649477</StartTestTime>
		<TestList/>
		<EndDateTime>Nov 15 13:44 台北標準時間</EndDateTime>
		<EndTestTime>1731649477</EndTestTime>
		<ElapsedMinutes>0</ElapsedMinutes>
	</Testing>
</Site>
